<?xml version="1.0" encoding="UTF-8"?>
<testsuite xmlns:xsi="http://www.w3.org/2001/XMLSchema-instance" xsi:noNamespaceSchemaLocation="https://maven.apache.org/surefire/maven-surefire-plugin/xsd/surefire-test-report-3.0.xsd" version="3.0" name="com.example.SpringbootApplicationTests" time="4.037" tests="1" errors="0" skipped="0" failures="0">
  <properties>
[...]
</properties>
  <testcase name="uploadFile" classname="com.example.SpringbootApplicationTests" time="1.901">
    <system-out><![CDATA[17:05:49.141 [main] INFO org.springframework.test.context.support.AnnotationConfigContextLoaderUtils -- Could not detect default configuration classes for test class [com.example.SpringbootApplicationTests]: SpringbootApplicationTests does not declare any static, non-private, non-final, nested classes annotated with @Configuration.
17:05:49.266 [main] INFO org.springframework.boot.test.context.SpringBootTestContextBootstrapper -- Found @SpringBootConfiguration com.example.SpringbootApplication for test class com.example.SpringbootApplicationTests

  .   ____          _            __ _ _
 /\\ / ___'_ __ _ _(_)_ __  __ _ \ \ \ \
( ( )\___ | '_ | '_| | '_ \/ _` | \ \ \ \
 \\/  ___)| |_)| | | | | || (_| |  ) ) ) )
  '  |____| .__|_| |_|_| |_\__, | / / / /
 =========|_|==============|___/=/_/_/_/
 :: Spring Boot ::                (v3.2.5)

2024-05-28T17:05:49.749+08:00  INFO 3892 --- [springboot] [           main] com.example.SpringbootApplicationTests   : Starting SpringbootApplicationTests using Java 17.0.6 with PID 3892 (started by 梁一舟 in C:\Users\LYZ\IdeaProjects\springboot)
2024-05-28T17:05:49.751+08:00  INFO 3892 --- [springboot] [           main] com.example.SpringbootApplicationTests   : No active profile set, falling back to 1 default profile: "default"
2024-05-28T17:05:51.067+08:00  INFO 3892 --- [springboot] [           main] com.example.SpringbootApplicationTests   : Started SpringbootApplicationTests in 1.589 seconds (process running for 2.658)
]]></system-out>
  </testcase>
</testsuite>